Using pre-set license
Built from '2020.3/release' branch; Version is '2020.3.1f1 (77a89f25062f) revision 7841951'; Using compiler version '192528614'; Build Type 'Release'
OS: 'Windows 10 Home; OS build 22000.556; Version 2009; 64bit' Language: 'it' Physical Memory: 16190 MB
BatchMode: 1, IsHumanControllingUs: 0, StartBugReporterOnCrash: 0, Is64bit: 1, IsPro: 0

 COMMAND LINE ARGUMENTS:
C:\Program Files\Unity\Hub\Editor\2020.3.1f1\Editor\Unity.exe
-adb2
-batchMode
-noUpm
-name
AssetImportWorker0
-projectPath
C:/Users/edef9/Desktop/Tesi/Tesi unity
-logFile
Logs/AssetImportWorker0.log
-srvPort
63208
Successfully changed project path to: C:/Users/edef9/Desktop/Tesi/Tesi unity
C:/Users/edef9/Desktop/Tesi/Tesi unity
Using Asset Import Pipeline V2.
Refreshing native plugins compatible for Editor in 35.97 ms, found 1 plugins.
Preloading 0 native plugins for Editor in 0.00 ms.
Initialize engine version: 2020.3.1f1 (77a89f25062f)
[Subsystems] Discovering subsystems at path C:/Program Files/Unity/Hub/Editor/2020.3.1f1/Editor/Data/Resources/UnitySubsystems
[Subsystems] Discovering subsystems at path C:/Users/edef9/Desktop/Tesi/Tesi unity/Assets
GfxDevice: creating device client; threaded=0
Direct3D:
    Version:  Direct3D 11.0 [level 11.1]
    Renderer: NVIDIA GeForce GTX 1660 Ti with Max-Q Design (ID=0x2191)
    Vendor:   
    VRAM:     5991 MB
    Driver:   30.0.14.7141
Initialize mono
Mono path[0] = 'C:/Program Files/Unity/Hub/Editor/2020.3.1f1/Editor/Data/Managed'
Mono path[1] = 'C:/Program Files/Unity/Hub/Editor/2020.3.1f1/Editor/Data/MonoBleedingEdge/lib/mono/unityjit'
Mono config path = 'C:/Program Files/Unity/Hub/Editor/2020.3.1f1/Editor/Data/MonoBleedingEdge/etc'
Using monoOptions --debugger-agent=transport=dt_socket,embedding=1,server=y,suspend=n,address=127.0.0.1:56976
Begin MonoManager ReloadAssembly
Registering precompiled unity dll's ...
Register platform support module: C:/Program Files/Unity/Hub/Editor/2020.3.1f1/Editor/Data/PlaybackEngines/WindowsStandaloneSupport/UnityEditor.WindowsStandalone.Extensions.dll
Registered in 0.001734 seconds.
Native extension for WindowsStandalone target not found
Refreshing native plugins compatible for Editor in 33.29 ms, found 1 plugins.
Preloading 0 native plugins for Editor in 0.00 ms.
Invoked RoslynAnalysisRunner static constructor.
RoslynAnalysisRunner will not be running.
RoslynAnalysisRunner has terminated.
Mono: successfully reloaded assembly
- Completed reload, in  1.870 seconds
Platform modules already initialized, skipping
Registering precompiled user dll's ...
Registered in 0.000958 seconds.
Begin MonoManager ReloadAssembly
Native extension for WindowsStandalone target not found
Refreshing native plugins compatible for Editor in 33.96 ms, found 1 plugins.
Preloading 0 native plugins for Editor in 0.00 ms.
Invoked RoslynAnalysisRunner static constructor.
RoslynAnalysisRunner will not be running.
RoslynAnalysisRunner has terminated.
Mono: successfully reloaded assembly
- Completed reload, in  0.918 seconds
Platform modules already initialized, skipping
========================================================================
Worker process is ready to serve import requests
Launched and connected shader compiler UnityShaderCompiler.exe after 0.04 seconds
Refreshing native plugins compatible for Editor in 0.35 ms, found 1 plugins.
Preloading 0 native plugins for Editor in 0.00 ms.
Unloading 1816 Unused Serialized files (Serialized files now loaded: 0)
System memory in use before: 84.9 MB.
System memory in use after: 84.8 MB.

Unloading 24 unused Assets to reduce memory usage. Loaded Objects now: 2260.
Total: 2.260500 ms (FindLiveObjects: 0.169300 ms CreateObjectMapping: 0.098200 ms MarkObjects: 1.864300 ms  DeleteObjects: 0.127800 ms)

========================================================================
Received Import Request.
  path: Assets/prefab/City.prefab
  artifactKey: Guid(a9606cc141b7f044b98d4e61598c0b56) Importer(815301076,1909f56bfc062723c751e8b465ee728b)
Start importing Assets/prefab/City.prefab using Guid(a9606cc141b7f044b98d4e61598c0b56) Importer(815301076,1909f56bfc062723c751e8b465ee728b)  -> (artifact id: '5e7ab8bfca92e221fc11d8ffbd39a09f') in 0.111136 seconds
  Import took 0.114645 seconds .

========================================================================
Received Import Request.
  Time since last request: 21.096298 seconds.
  path: Assets/prefab/Civ.prefab
  artifactKey: Guid(018f26b3f5dfb91498863c8a2eda3c39) Importer(815301076,1909f56bfc062723c751e8b465ee728b)
Start importing Assets/prefab/Civ.prefab using Guid(018f26b3f5dfb91498863c8a2eda3c39) Importer(815301076,1909f56bfc062723c751e8b465ee728b)  -> (artifact id: '52d6de7e49585c3a54829c877ef787c4') in 0.003420 seconds
  Import took 0.006027 seconds .

========================================================================
Received Import Request.
  Time since last request: 4.060702 seconds.
  path: Assets/prefab/Civ.prefab
  artifactKey: Guid(018f26b3f5dfb91498863c8a2eda3c39) Importer(815301076,1909f56bfc062723c751e8b465ee728b)
Start importing Assets/prefab/Civ.prefab using Guid(018f26b3f5dfb91498863c8a2eda3c39) Importer(815301076,1909f56bfc062723c751e8b465ee728b)  -> (artifact id: '968dd0a18c261e38b80a87b5b9581d0e') in 0.003822 seconds
  Import took 0.007516 seconds .

========================================================================
Received Import Request.
  Time since last request: 5.772071 seconds.
  path: Assets/prefab/City.prefab
  artifactKey: Guid(a9606cc141b7f044b98d4e61598c0b56) Importer(815301076,1909f56bfc062723c751e8b465ee728b)
Start importing Assets/prefab/City.prefab using Guid(a9606cc141b7f044b98d4e61598c0b56) Importer(815301076,1909f56bfc062723c751e8b465ee728b)  -> (artifact id: 'b38ff841c00c498eadf8f151fc78735a') in 0.009030 seconds
  Import took 0.011789 seconds .

========================================================================
Received Import Request.
  Time since last request: 0.021272 seconds.
  path: Assets/prefab/City.prefab
  artifactKey: Guid(a9606cc141b7f044b98d4e61598c0b56) Importer(815301076,1909f56bfc062723c751e8b465ee728b)
Start importing Assets/prefab/City.prefab using Guid(a9606cc141b7f044b98d4e61598c0b56) Importer(815301076,1909f56bfc062723c751e8b465ee728b)  -> (artifact id: 'b38ff841c00c498eadf8f151fc78735a') in 0.007993 seconds
  Import took 0.011577 seconds .

========================================================================
Received Prepare
Registering precompiled user dll's ...
Registered in 0.000977 seconds.
Begin MonoManager ReloadAssembly
Native extension for WindowsStandalone target not found
Refreshing native plugins compatible for Editor in 0.37 ms, found 1 plugins.
Preloading 0 native plugins for Editor in 0.00 ms.
Invoked RoslynAnalysisRunner static constructor.
RoslynAnalysisRunner will not be running.
RoslynAnalysisRunner has terminated.
Mono: successfully reloaded assembly
- Completed reload, in  0.973 seconds
Platform modules already initialized, skipping
Refreshing native plugins compatible for Editor in 0.36 ms, found 1 plugins.
Preloading 0 native plugins for Editor in 0.00 ms.
Unloading 1810 Unused Serialized files (Serialized files now loaded: 0)
System memory in use before: 87.9 MB.
System memory in use after: 87.9 MB.

Unloading 13 unused Assets to reduce memory usage. Loaded Objects now: 2270.
Total: 2.105900 ms (FindLiveObjects: 0.215200 ms CreateObjectMapping: 0.067700 ms MarkObjects: 1.686900 ms  DeleteObjects: 0.135000 ms)

========================================================================
Received Prepare
Registering precompiled user dll's ...
Registered in 0.001123 seconds.
Begin MonoManager ReloadAssembly
Native extension for WindowsStandalone target not found
Refreshing native plugins compatible for Editor in 0.31 ms, found 1 plugins.
Preloading 0 native plugins for Editor in 0.00 ms.
Invoked RoslynAnalysisRunner static constructor.
RoslynAnalysisRunner will not be running.
RoslynAnalysisRunner has terminated.
Mono: successfully reloaded assembly
- Completed reload, in  0.923 seconds
Platform modules already initialized, skipping
Refreshing native plugins compatible for Editor in 0.34 ms, found 1 plugins.
Preloading 0 native plugins for Editor in 0.00 ms.
Unloading 1810 Unused Serialized files (Serialized files now loaded: 0)
System memory in use before: 88.0 MB.
System memory in use after: 88.0 MB.

Unloading 12 unused Assets to reduce memory usage. Loaded Objects now: 2274.
Total: 2.948400 ms (FindLiveObjects: 0.462600 ms CreateObjectMapping: 0.203600 ms MarkObjects: 2.125600 ms  DeleteObjects: 0.154800 ms)

========================================================================
Received Prepare
Registering precompiled user dll's ...
Registered in 0.001320 seconds.
Begin MonoManager ReloadAssembly
Native extension for WindowsStandalone target not found
Refreshing native plugins compatible for Editor in 0.33 ms, found 1 plugins.
Preloading 0 native plugins for Editor in 0.00 ms.
Invoked RoslynAnalysisRunner static constructor.
RoslynAnalysisRunner will not be running.
RoslynAnalysisRunner has terminated.
Mono: successfully reloaded assembly
- Completed reload, in  0.907 seconds
Platform modules already initialized, skipping
Refreshing native plugins compatible for Editor in 0.38 ms, found 1 plugins.
Preloading 0 native plugins for Editor in 0.00 ms.
Unloading 1810 Unused Serialized files (Serialized files now loaded: 0)
System memory in use before: 88.0 MB.
System memory in use after: 88.0 MB.

Unloading 12 unused Assets to reduce memory usage. Loaded Objects now: 2278.
Total: 3.335300 ms (FindLiveObjects: 0.396800 ms CreateObjectMapping: 0.109400 ms MarkObjects: 2.684600 ms  DeleteObjects: 0.142800 ms)

========================================================================
Received Prepare
Registering precompiled user dll's ...
Registered in 0.001716 seconds.
Begin MonoManager ReloadAssembly
Native extension for WindowsStandalone target not found
Refreshing native plugins compatible for Editor in 0.35 ms, found 1 plugins.
Preloading 0 native plugins for Editor in 0.00 ms.
Invoked RoslynAnalysisRunner static constructor.
RoslynAnalysisRunner will not be running.
RoslynAnalysisRunner has terminated.
Mono: successfully reloaded assembly
- Completed reload, in  0.991 seconds
Platform modules already initialized, skipping
Refreshing native plugins compatible for Editor in 0.36 ms, found 1 plugins.
Preloading 0 native plugins for Editor in 0.00 ms.
Unloading 1810 Unused Serialized files (Serialized files now loaded: 0)
System memory in use before: 88.0 MB.
System memory in use after: 88.0 MB.

Unloading 12 unused Assets to reduce memory usage. Loaded Objects now: 2282.
Total: 2.132100 ms (FindLiveObjects: 0.194900 ms CreateObjectMapping: 0.061300 ms MarkObjects: 1.761300 ms  DeleteObjects: 0.113500 ms)

AssetImportWorkerClient::OnTransportError - code=2 error=End of file
